{
  "stats": {
    "suites": 2,
    "tests": 2,
    "passes": 2,
    "pending": 0,
    "failures": 0,
    "start": "2023-03-11T15:11:36.290Z",
    "end": "2023-03-11T15:11:38.700Z",
    "duration": 2410,
    "testsRegistered": 2,
    "passPercent": 100,
    "pendingPercent": 0,
    "other": 0,
    "hasOther": false,
    "skipped": 0,
    "hasSkipped": false
  },
  "results": [
    {
      "uuid": "4a648669-fdce-4b37-9a9f-36a46eb7104c",
      "title": "",
      "fullFile": "tests/e2e/specs/contact_remove.test.js",
      "file": "tests/e2e/specs/contact_remove.test.js",
      "beforeHooks": [],
      "afterHooks": [],
      "tests": [],
      "suites": [
        {
          "uuid": "ed58a9d4-a8be-46fc-bca5-62bbac2a4945",
          "title": "Remover contato",
          "fullFile": "",
          "file": "",
          "beforeHooks": [],
          "afterHooks": [],
          "tests": [],
          "suites": [
            {
              "uuid": "35d3e155-8948-432c-98e7-a3ccfef501d9",
              "title": "Dado que Lucas Silva é um contato indesejado",
              "fullFile": "",
              "file": "",
              "beforeHooks": [],
              "afterHooks": [],
              "tests": [
                {
                  "title": "Quando apago este contato",
                  "fullTitle": "Remover contato Dado que Lucas Silva é um contato indesejado Quando apago este contato",
                  "timedOut": null,
                  "duration": 1541,
                  "state": "passed",
                  "speed": "fast",
                  "pass": true,
                  "fail": false,
                  "pending": false,
                  "context": "\"assets/screenshots/contact_remove.test.js/Quando apago este contato -- after each hook.png\"",
                  "code": "cy.dash();\ncy.removeContact(contact.number);",
                  "err": {},
                  "uuid": "8ca40734-4f5f-4e73-8555-78e5162435f0",
                  "parentUUID": "35d3e155-8948-432c-98e7-a3ccfef501d9",
                  "isHook": false,
                  "skipped": false
                },
                {
                  "title": "Não deve ser exibido no dashboard",
                  "fullTitle": "Remover contato Dado que Lucas Silva é um contato indesejado Não deve ser exibido no dashboard",
                  "timedOut": null,
                  "duration": 359,
                  "state": "passed",
                  "speed": "fast",
                  "pass": true,
                  "fail": false,
                  "pending": false,
                  "context": "\"assets/screenshots/contact_remove.test.js/Não deve ser exibido no dashboard -- after each hook.png\"",
                  "code": "cy.searchContact(contact.number);\ncy.get('.message-body').contains('Contato não encontrado :(');",
                  "err": {},
                  "uuid": "aff6f076-395b-4866-9bcd-3f94fed1b321",
                  "parentUUID": "35d3e155-8948-432c-98e7-a3ccfef501d9",
                  "isHook": false,
                  "skipped": false
                }
              ],
              "suites": [],
              "passes": [
                "8ca40734-4f5f-4e73-8555-78e5162435f0",
                "aff6f076-395b-4866-9bcd-3f94fed1b321"
              ],
              "failures": [],
              "pending": [],
              "skipped": [],
              "duration": 1900,
              "root": false,
              "rootEmpty": false,
              "_timeout": 2000
            }
          ],
          "passes": [],
          "failures": [],
          "pending": [],
          "skipped": [],
          "duration": 0,
          "root": false,
          "rootEmpty": false,
          "_timeout": 2000
        }
      ],
      "passes": [],
      "failures": [],
      "pending": [],
      "skipped": [],
      "duration": 0,
      "root": true,
      "rootEmpty": true,
      "_timeout": 2000
    }
  ],
  "meta": {
    "mocha": {
      "version": "7.0.1"
    },
    "mochawesome": {
      "options": {
        "quiet": false,
        "reportFilename": "mochawesome",
        "saveHtml": false,
        "saveJson": true,
        "consoleReporter": "spec",
        "useInlineDiffs": false,
        "code": true
      },
      "version": "7.1.3"
    },
    "marge": {
      "options": {
        "reportDir": "mochawesome-report",
        "overwrite": true,
        "html": false,
        "json": true,
        "timestamp": "mmddyyyy_HHMMss"
      },
      "version": "6.2.0"
    }
  }
}