{
  "stats": {
    "suites": 3,
    "tests": 3,
    "passes": 3,
    "pending": 0,
    "failures": 0,
    "start": "2023-03-11T16:21:39.196Z",
    "end": "2023-03-11T16:21:41.794Z",
    "duration": 2598,
    "testsRegistered": 3,
    "passPercent": 100,
    "pendingPercent": 0,
    "other": 0,
    "hasOther": false,
    "skipped": 0,
    "hasSkipped": false
  },
  "results": [
    {
      "uuid": "326020da-21b5-4f14-bc65-aa9bbeb6b602",
      "title": "",
      "fullFile": "tests/e2e/specs/contact_search.test.js",
      "file": "tests/e2e/specs/contact_search.test.js",
      "beforeHooks": [],
      "afterHooks": [],
      "tests": [],
      "suites": [
        {
          "uuid": "5b95484f-a108-4ba4-b323-cbc102bbea6b",
          "title": "Busca",
          "fullFile": "",
          "file": "",
          "beforeHooks": [],
          "afterHooks": [],
          "tests": [],
          "suites": [
            {
              "uuid": "8b38400c-6bf0-4736-a8c1-2f40b755dc52",
              "title": "Dado que eu tenho o seguinte contato Yuri Silva",
              "fullFile": "",
              "file": "",
              "beforeHooks": [],
              "afterHooks": [],
              "tests": [
                {
                  "title": "Quando faço a busca deste contato",
                  "fullTitle": "Busca Dado que eu tenho o seguinte contato Yuri Silva Quando faço a busca deste contato",
                  "timedOut": null,
                  "duration": 1447,
                  "state": "passed",
                  "speed": "fast",
                  "pass": true,
                  "fail": false,
                  "pending": false,
                  "context": "\"assets/screenshots/contact_search.test.js/Quando faço a busca deste contato -- after each hook.png\"",
                  "code": "cy.dash();\ncy.searchContact(contact.number); // cy.get('#loader', {timeout: 5000}).should('not.visible')",
                  "err": {},
                  "uuid": "ba321025-616f-473d-ac5e-ea0ec2d55c91",
                  "parentUUID": "8b38400c-6bf0-4736-a8c1-2f40b755dc52",
                  "isHook": false,
                  "skipped": false
                },
                {
                  "title": "Devo ver somente este contato no dashboard",
                  "fullTitle": "Busca Dado que eu tenho o seguinte contato Yuri Silva Devo ver somente este contato no dashboard",
                  "timedOut": null,
                  "duration": 31,
                  "state": "passed",
                  "speed": "fast",
                  "pass": true,
                  "fail": false,
                  "pending": false,
                  "context": "\"assets/screenshots/contact_search.test.js/Devo ver somente este contato no dashboard -- after each hook.png\"",
                  "code": "cy.contactItem().should('have.length', 1);\ncy.contactItem().contains(contact.name);\ncy.contactItem().contains(contact.description);",
                  "err": {},
                  "uuid": "d9cb2028-62ce-4149-b31e-f5e74699445d",
                  "parentUUID": "8b38400c-6bf0-4736-a8c1-2f40b755dc52",
                  "isHook": false,
                  "skipped": false
                }
              ],
              "suites": [],
              "passes": [
                "ba321025-616f-473d-ac5e-ea0ec2d55c91",
                "d9cb2028-62ce-4149-b31e-f5e74699445d"
              ],
              "failures": [],
              "pending": [],
              "skipped": [],
              "duration": 1478,
              "root": false,
              "rootEmpty": false,
              "_timeout": 2000
            },
            {
              "uuid": "efe92956-6fb5-4776-a38b-c6b1d8d09865",
              "title": "Quando busco por um contato não cadastrado",
              "fullFile": "",
              "file": "",
              "beforeHooks": [],
              "afterHooks": [],
              "tests": [
                {
                  "title": "Deve retornar mensagem de alerta",
                  "fullTitle": "Busca Quando busco por um contato não cadastrado Deve retornar mensagem de alerta",
                  "timedOut": null,
                  "duration": 448,
                  "state": "passed",
                  "speed": "fast",
                  "pass": true,
                  "fail": false,
                  "pending": false,
                  "context": "\"assets/screenshots/contact_search.test.js/Deve retornar mensagem de alerta -- after each hook.png\"",
                  "code": "cy.get('.message-body').contains('Contato não encontrado :(');",
                  "err": {},
                  "uuid": "d61c12fd-c1fa-4b91-9805-6aa73f15a4f8",
                  "parentUUID": "efe92956-6fb5-4776-a38b-c6b1d8d09865",
                  "isHook": false,
                  "skipped": false
                }
              ],
              "suites": [],
              "passes": [
                "d61c12fd-c1fa-4b91-9805-6aa73f15a4f8"
              ],
              "failures": [],
              "pending": [],
              "skipped": [],
              "duration": 448,
              "root": false,
              "rootEmpty": false,
              "_timeout": 2000
            }
          ],
          "passes": [],
          "failures": [],
          "pending": [],
          "skipped": [],
          "duration": 0,
          "root": false,
          "rootEmpty": false,
          "_timeout": 2000
        }
      ],
      "passes": [],
      "failures": [],
      "pending": [],
      "skipped": [],
      "duration": 0,
      "root": true,
      "rootEmpty": true,
      "_timeout": 2000
    }
  ],
  "meta": {
    "mocha": {
      "version": "7.0.1"
    },
    "mochawesome": {
      "options": {
        "quiet": false,
        "reportFilename": "mochawesome",
        "saveHtml": false,
        "saveJson": true,
        "consoleReporter": "spec",
        "useInlineDiffs": false,
        "code": true
      },
      "version": "7.1.3"
    },
    "marge": {
      "options": {
        "reportDir": "mochawesome-report",
        "overwrite": true,
        "html": false,
        "json": true,
        "timestamp": "mmddyyyy_HHMMss"
      },
      "version": "6.2.0"
    }
  }
}