{
  "stats": {
    "suites": 2,
    "tests": 2,
    "passes": 2,
    "pending": 0,
    "failures": 0,
    "start": "2023-03-11T16:21:24.284Z",
    "end": "2023-03-11T16:21:26.795Z",
    "duration": 2511,
    "testsRegistered": 2,
    "passPercent": 100,
    "pendingPercent": 0,
    "other": 0,
    "hasOther": false,
    "skipped": 0,
    "hasSkipped": false
  },
  "results": [
    {
      "uuid": "0960b941-9b4f-404a-ac1c-355a3b5bc0df",
      "title": "",
      "fullFile": "tests/e2e/specs/contact_remove.test.js",
      "file": "tests/e2e/specs/contact_remove.test.js",
      "beforeHooks": [],
      "afterHooks": [],
      "tests": [],
      "suites": [
        {
          "uuid": "a25367f4-2a85-4825-afeb-a8b41d8e5035",
          "title": "Remover contato",
          "fullFile": "",
          "file": "",
          "beforeHooks": [],
          "afterHooks": [],
          "tests": [],
          "suites": [
            {
              "uuid": "3ac60ca1-d0d4-4ea8-ba50-2b21b04cc76d",
              "title": "Dado que Lucas Silva é um contato indesejado",
              "fullFile": "",
              "file": "",
              "beforeHooks": [],
              "afterHooks": [],
              "tests": [
                {
                  "title": "Quando apago este contato",
                  "fullTitle": "Remover contato Dado que Lucas Silva é um contato indesejado Quando apago este contato",
                  "timedOut": null,
                  "duration": 1635,
                  "state": "passed",
                  "speed": "fast",
                  "pass": true,
                  "fail": false,
                  "pending": false,
                  "context": "\"assets/screenshots/contact_remove.test.js/Quando apago este contato -- after each hook.png\"",
                  "code": "cy.dash();\ncy.removeContact(contact.number);",
                  "err": {},
                  "uuid": "4d9daa79-9482-4962-bbec-d0660dc855c9",
                  "parentUUID": "3ac60ca1-d0d4-4ea8-ba50-2b21b04cc76d",
                  "isHook": false,
                  "skipped": false
                },
                {
                  "title": "Não deve ser exibido no dashboard",
                  "fullTitle": "Remover contato Dado que Lucas Silva é um contato indesejado Não deve ser exibido no dashboard",
                  "timedOut": null,
                  "duration": 374,
                  "state": "passed",
                  "speed": "fast",
                  "pass": true,
                  "fail": false,
                  "pending": false,
                  "context": "\"assets/screenshots/contact_remove.test.js/Não deve ser exibido no dashboard -- after each hook.png\"",
                  "code": "cy.searchContact(contact.number);\ncy.get('.message-body').contains('Contato não encontrado :(');",
                  "err": {},
                  "uuid": "d11644dd-7c63-4693-9608-42b4d26ce01b",
                  "parentUUID": "3ac60ca1-d0d4-4ea8-ba50-2b21b04cc76d",
                  "isHook": false,
                  "skipped": false
                }
              ],
              "suites": [],
              "passes": [
                "4d9daa79-9482-4962-bbec-d0660dc855c9",
                "d11644dd-7c63-4693-9608-42b4d26ce01b"
              ],
              "failures": [],
              "pending": [],
              "skipped": [],
              "duration": 2009,
              "root": false,
              "rootEmpty": false,
              "_timeout": 2000
            }
          ],
          "passes": [],
          "failures": [],
          "pending": [],
          "skipped": [],
          "duration": 0,
          "root": false,
          "rootEmpty": false,
          "_timeout": 2000
        }
      ],
      "passes": [],
      "failures": [],
      "pending": [],
      "skipped": [],
      "duration": 0,
      "root": true,
      "rootEmpty": true,
      "_timeout": 2000
    }
  ],
  "meta": {
    "mocha": {
      "version": "7.0.1"
    },
    "mochawesome": {
      "options": {
        "quiet": false,
        "reportFilename": "mochawesome",
        "saveHtml": false,
        "saveJson": true,
        "consoleReporter": "spec",
        "useInlineDiffs": false,
        "code": true
      },
      "version": "7.1.3"
    },
    "marge": {
      "options": {
        "reportDir": "mochawesome-report",
        "overwrite": true,
        "html": false,
        "json": true,
        "timestamp": "mmddyyyy_HHMMss"
      },
      "version": "6.2.0"
    }
  }
}