{
  "stats": {
    "suites": 6,
    "tests": 4,
    "passes": 4,
    "pending": 0,
    "failures": 0,
    "start": "2023-03-11T16:21:29.384Z",
    "end": "2023-03-11T16:21:36.333Z",
    "duration": 6949,
    "testsRegistered": 4,
    "passPercent": 100,
    "pendingPercent": 0,
    "other": 0,
    "hasOther": false,
    "skipped": 0,
    "hasSkipped": false
  },
  "results": [
    {
      "uuid": "0020ff67-0a53-445f-b343-0c23c981dbce",
      "title": "",
      "fullFile": "tests/e2e/specs/contact_save.test.js",
      "file": "tests/e2e/specs/contact_save.test.js",
      "beforeHooks": [],
      "afterHooks": [],
      "tests": [],
      "suites": [
        {
          "uuid": "bdbb31ef-dfe5-4d14-b88f-a0547b0fbf36",
          "title": "Cadastro de contatos",
          "fullFile": "",
          "file": "",
          "beforeHooks": [],
          "afterHooks": [],
          "tests": [],
          "suites": [
            {
              "uuid": "4f453197-2103-4cf3-bbfd-3e28dd9dad22",
              "title": "Novo contato",
              "fullFile": "",
              "file": "",
              "beforeHooks": [],
              "afterHooks": [],
              "tests": [],
              "suites": [
                {
                  "uuid": "75335a8d-b5da-496d-a49f-c045e7663d6b",
                  "title": "Quando submeto o cadastro completo",
                  "fullFile": "",
                  "file": "",
                  "beforeHooks": [],
                  "afterHooks": [],
                  "tests": [
                    {
                      "title": "Deve cadastrar este contato",
                      "fullTitle": "Cadastro de contatos Novo contato Quando submeto o cadastro completo Deve cadastrar este contato",
                      "timedOut": null,
                      "duration": 2619,
                      "state": "passed",
                      "speed": "fast",
                      "pass": true,
                      "fail": false,
                      "pending": false,
                      "context": "\"assets/screenshots/contact_save.test.js/Deve cadastrar este contato -- after each hook.png\"",
                      "code": "cy.contactList().contains(contact.name);",
                      "err": {},
                      "uuid": "fb9dd240-5651-407b-b451-03f0e972bfc7",
                      "parentUUID": "75335a8d-b5da-496d-a49f-c045e7663d6b",
                      "isHook": false,
                      "skipped": false
                    }
                  ],
                  "suites": [],
                  "passes": [
                    "fb9dd240-5651-407b-b451-03f0e972bfc7"
                  ],
                  "failures": [],
                  "pending": [],
                  "skipped": [],
                  "duration": 2619,
                  "root": false,
                  "rootEmpty": false,
                  "_timeout": 2000
                },
                {
                  "uuid": "70847ac1-9fde-49d5-8f7d-1639fed33c72",
                  "title": "Quando submeto o cadastro sem o nome",
                  "fullFile": "",
                  "file": "",
                  "beforeHooks": [],
                  "afterHooks": [],
                  "tests": [
                    {
                      "title": "Deve exibir a notificação Nome  obrigatrio",
                      "fullTitle": "Cadastro de contatos Novo contato Quando submeto o cadastro sem o nome Deve exibir a notificação Nome  obrigatrio",
                      "timedOut": null,
                      "duration": 1290,
                      "state": "passed",
                      "speed": "fast",
                      "pass": true,
                      "fail": false,
                      "pending": false,
                      "context": "\"assets/screenshots/contact_save.test.js/Deve exibir a notificação Nome  obrigatrio -- after each hook.png\"",
                      "code": "//Este código louco é para tirar os caracteres especiais da const expectNotice e vai substituir eles por nada\n// cy.loginAlert(expectMessage).should('be.visible')\ncy.alertName().contains(expectMessage);",
                      "err": {},
                      "uuid": "318ff325-9540-438f-affc-efad08bd44d1",
                      "parentUUID": "70847ac1-9fde-49d5-8f7d-1639fed33c72",
                      "isHook": false,
                      "skipped": false
                    }
                  ],
                  "suites": [],
                  "passes": [
                    "318ff325-9540-438f-affc-efad08bd44d1"
                  ],
                  "failures": [],
                  "pending": [],
                  "skipped": [],
                  "duration": 1290,
                  "root": false,
                  "rootEmpty": false,
                  "_timeout": 2000
                },
                {
                  "uuid": "461a8c4e-0196-4af3-bc8d-d4f0b644d2a0",
                  "title": "Quando submeto o cadastro sem o WhatsApp",
                  "fullFile": "",
                  "file": "",
                  "beforeHooks": [],
                  "afterHooks": [],
                  "tests": [
                    {
                      "title": "Deve exibir a nitificação: WhatsApp é obrigatório.",
                      "fullTitle": "Cadastro de contatos Novo contato Quando submeto o cadastro sem o WhatsApp Deve exibir a nitificação: WhatsApp é obrigatório.",
                      "timedOut": null,
                      "duration": 1288,
                      "state": "passed",
                      "speed": "fast",
                      "pass": true,
                      "fail": false,
                      "pending": false,
                      "context": "\"assets/screenshots/contact_save.test.js/Deve exibir a nitificação: WhatsApp é obrigatório. -- after each hook.png\"",
                      "code": "cy.alertNumber().contains(expectMessage);",
                      "err": {},
                      "uuid": "37339498-d51e-4ba9-b809-46e8657158b4",
                      "parentUUID": "461a8c4e-0196-4af3-bc8d-d4f0b644d2a0",
                      "isHook": false,
                      "skipped": false
                    }
                  ],
                  "suites": [],
                  "passes": [
                    "37339498-d51e-4ba9-b809-46e8657158b4"
                  ],
                  "failures": [],
                  "pending": [],
                  "skipped": [],
                  "duration": 1288,
                  "root": false,
                  "rootEmpty": false,
                  "_timeout": 2000
                },
                {
                  "uuid": "18d67982-785e-4ddc-99e8-775af68eeb44",
                  "title": "Quando submeto o cadastro sem o assunto",
                  "fullFile": "",
                  "file": "",
                  "beforeHooks": [],
                  "afterHooks": [],
                  "tests": [
                    {
                      "title": "Deve exibir a nitificação: Assunto é obrigatório.",
                      "fullTitle": "Cadastro de contatos Novo contato Quando submeto o cadastro sem o assunto Deve exibir a nitificação: Assunto é obrigatório.",
                      "timedOut": null,
                      "duration": 833,
                      "state": "passed",
                      "speed": "fast",
                      "pass": true,
                      "fail": false,
                      "pending": false,
                      "context": "\"assets/screenshots/contact_save.test.js/Deve exibir a nitificação: Assunto é obrigatório. -- after each hook.png\"",
                      "code": "cy.alertDesc().contains(expectMessage);",
                      "err": {},
                      "uuid": "5e5dc432-5a5f-4b8d-9076-a6eb8cddf353",
                      "parentUUID": "18d67982-785e-4ddc-99e8-775af68eeb44",
                      "isHook": false,
                      "skipped": false
                    }
                  ],
                  "suites": [],
                  "passes": [
                    "5e5dc432-5a5f-4b8d-9076-a6eb8cddf353"
                  ],
                  "failures": [],
                  "pending": [],
                  "skipped": [],
                  "duration": 833,
                  "root": false,
                  "rootEmpty": false,
                  "_timeout": 2000
                }
              ],
              "passes": [],
              "failures": [],
              "pending": [],
              "skipped": [],
              "duration": 0,
              "root": false,
              "rootEmpty": false,
              "_timeout": 2000
            }
          ],
          "passes": [],
          "failures": [],
          "pending": [],
          "skipped": [],
          "duration": 0,
          "root": false,
          "rootEmpty": false,
          "_timeout": 2000
        }
      ],
      "passes": [],
      "failures": [],
      "pending": [],
      "skipped": [],
      "duration": 0,
      "root": true,
      "rootEmpty": true,
      "_timeout": 2000
    }
  ],
  "meta": {
    "mocha": {
      "version": "7.0.1"
    },
    "mochawesome": {
      "options": {
        "quiet": false,
        "reportFilename": "mochawesome",
        "saveHtml": false,
        "saveJson": true,
        "consoleReporter": "spec",
        "useInlineDiffs": false,
        "code": true
      },
      "version": "7.1.3"
    },
    "marge": {
      "options": {
        "reportDir": "mochawesome-report",
        "overwrite": true,
        "html": false,
        "json": true,
        "timestamp": "mmddyyyy_HHMMss"
      },
      "version": "6.2.0"
    }
  }
}