{
  "stats": {
    "suites": 1,
    "tests": 1,
    "passes": 1,
    "pending": 0,
    "failures": 0,
    "start": "2023-03-11T15:15:10.668Z",
    "end": "2023-03-11T15:15:11.313Z",
    "duration": 645,
    "testsRegistered": 1,
    "passPercent": 100,
    "pendingPercent": 0,
    "other": 0,
    "hasOther": false,
    "skipped": 0,
    "hasSkipped": false
  },
  "results": [
    {
      "uuid": "22b2054e-3625-431d-ac2c-bb38d0f8863d",
      "title": "",
      "fullFile": "tests/e2e/specs/check_app_on.test.js",
      "file": "tests/e2e/specs/check_app_on.test.js",
      "beforeHooks": [],
      "afterHooks": [],
      "tests": [],
      "suites": [
        {
          "uuid": "889ea1ea-9748-4ba1-bb0b-18789c72e3d6",
          "title": "Verifica se o app está online",
          "fullFile": "",
          "file": "",
          "beforeHooks": [],
          "afterHooks": [],
          "tests": [
            {
              "title": "Acesso a página inicial",
              "fullTitle": "Verifica se o app está online Acesso a página inicial",
              "timedOut": null,
              "duration": 226,
              "state": "passed",
              "speed": "fast",
              "pass": true,
              "fail": false,
              "pending": false,
              "context": "\"assets/screenshots/check_app_on.test.js/Acesso a página inicial -- after each hook.png\"",
              "code": "cy.visit('/');",
              "err": {},
              "uuid": "a8060fcf-970c-41f6-be41-9730b5479a37",
              "parentUUID": "889ea1ea-9748-4ba1-bb0b-18789c72e3d6",
              "isHook": false,
              "skipped": false
            }
          ],
          "suites": [],
          "passes": [
            "a8060fcf-970c-41f6-be41-9730b5479a37"
          ],
          "failures": [],
          "pending": [],
          "skipped": [],
          "duration": 226,
          "root": false,
          "rootEmpty": false,
          "_timeout": 2000
        }
      ],
      "passes": [],
      "failures": [],
      "pending": [],
      "skipped": [],
      "duration": 0,
      "root": true,
      "rootEmpty": true,
      "_timeout": 2000
    }
  ],
  "meta": {
    "mocha": {
      "version": "7.0.1"
    },
    "mochawesome": {
      "options": {
        "quiet": false,
        "reportFilename": "mochawesome",
        "saveHtml": false,
        "saveJson": true,
        "consoleReporter": "spec",
        "useInlineDiffs": false,
        "code": true
      },
      "version": "7.1.3"
    },
    "marge": {
      "options": {
        "reportDir": "mochawesome-report",
        "overwrite": true,
        "html": false,
        "json": true,
        "timestamp": "mmddyyyy_HHMMss"
      },
      "version": "6.2.0"
    }
  }
}