{
  "stats": {
    "suites": 1,
    "tests": 1,
    "passes": 1,
    "pending": 0,
    "failures": 0,
    "start": "2023-03-11T15:11:33.012Z",
    "end": "2023-03-11T15:11:33.661Z",
    "duration": 649,
    "testsRegistered": 1,
    "passPercent": 100,
    "pendingPercent": 0,
    "other": 0,
    "hasOther": false,
    "skipped": 0,
    "hasSkipped": false
  },
  "results": [
    {
      "uuid": "87c32b55-fae9-4488-9822-acea31038760",
      "title": "",
      "fullFile": "tests/e2e/specs/check_app_on.test.js",
      "file": "tests/e2e/specs/check_app_on.test.js",
      "beforeHooks": [],
      "afterHooks": [],
      "tests": [],
      "suites": [
        {
          "uuid": "f68d730b-a3d6-45bc-9d4c-4ba48128352e",
          "title": "Verifica se o app está online",
          "fullFile": "",
          "file": "",
          "beforeHooks": [],
          "afterHooks": [],
          "tests": [
            {
              "title": "Acesso a página inicial",
              "fullTitle": "Verifica se o app está online Acesso a página inicial",
              "timedOut": null,
              "duration": 224,
              "state": "passed",
              "speed": "fast",
              "pass": true,
              "fail": false,
              "pending": false,
              "context": "\"assets/screenshots/check_app_on.test.js/Acesso a página inicial -- after each hook.png\"",
              "code": "cy.visit('/');",
              "err": {},
              "uuid": "1d8b717a-320d-442f-b66f-88def5593597",
              "parentUUID": "f68d730b-a3d6-45bc-9d4c-4ba48128352e",
              "isHook": false,
              "skipped": false
            }
          ],
          "suites": [],
          "passes": [
            "1d8b717a-320d-442f-b66f-88def5593597"
          ],
          "failures": [],
          "pending": [],
          "skipped": [],
          "duration": 224,
          "root": false,
          "rootEmpty": false,
          "_timeout": 2000
        }
      ],
      "passes": [],
      "failures": [],
      "pending": [],
      "skipped": [],
      "duration": 0,
      "root": true,
      "rootEmpty": true,
      "_timeout": 2000
    }
  ],
  "meta": {
    "mocha": {
      "version": "7.0.1"
    },
    "mochawesome": {
      "options": {
        "quiet": false,
        "reportFilename": "mochawesome",
        "saveHtml": false,
        "saveJson": true,
        "consoleReporter": "spec",
        "useInlineDiffs": false,
        "code": true
      },
      "version": "7.1.3"
    },
    "marge": {
      "options": {
        "reportDir": "mochawesome-report",
        "overwrite": true,
        "html": false,
        "json": true,
        "timestamp": "mmddyyyy_HHMMss"
      },
      "version": "6.2.0"
    }
  }
}