{
  "stats": {
    "suites": 2,
    "tests": 2,
    "passes": 2,
    "pending": 0,
    "failures": 0,
    "start": "2023-03-11T15:15:13.880Z",
    "end": "2023-03-11T15:15:16.294Z",
    "duration": 2414,
    "testsRegistered": 2,
    "passPercent": 100,
    "pendingPercent": 0,
    "other": 0,
    "hasOther": false,
    "skipped": 0,
    "hasSkipped": false
  },
  "results": [
    {
      "uuid": "ec7bd6ef-d16d-4e81-beaa-c9e5ee5cfeed",
      "title": "",
      "fullFile": "tests/e2e/specs/contact_remove.test.js",
      "file": "tests/e2e/specs/contact_remove.test.js",
      "beforeHooks": [],
      "afterHooks": [],
      "tests": [],
      "suites": [
        {
          "uuid": "245de6c0-fef7-4b0c-9f61-033112db2265",
          "title": "Remover contato",
          "fullFile": "",
          "file": "",
          "beforeHooks": [],
          "afterHooks": [],
          "tests": [],
          "suites": [
            {
              "uuid": "24535554-86fd-4ae6-b932-207394d6b701",
              "title": "Dado que Lucas Silva é um contato indesejado",
              "fullFile": "",
              "file": "",
              "beforeHooks": [],
              "afterHooks": [],
              "tests": [
                {
                  "title": "Quando apago este contato",
                  "fullTitle": "Remover contato Dado que Lucas Silva é um contato indesejado Quando apago este contato",
                  "timedOut": null,
                  "duration": 1543,
                  "state": "passed",
                  "speed": "fast",
                  "pass": true,
                  "fail": false,
                  "pending": false,
                  "context": "\"assets/screenshots/contact_remove.test.js/Quando apago este contato -- after each hook.png\"",
                  "code": "cy.dash();\ncy.removeContact(contact.number);",
                  "err": {},
                  "uuid": "6b99b7e3-0ef7-479d-af50-f290cc7120f9",
                  "parentUUID": "24535554-86fd-4ae6-b932-207394d6b701",
                  "isHook": false,
                  "skipped": false
                },
                {
                  "title": "Não deve ser exibido no dashboard",
                  "fullTitle": "Remover contato Dado que Lucas Silva é um contato indesejado Não deve ser exibido no dashboard",
                  "timedOut": null,
                  "duration": 372,
                  "state": "passed",
                  "speed": "fast",
                  "pass": true,
                  "fail": false,
                  "pending": false,
                  "context": "\"assets/screenshots/contact_remove.test.js/Não deve ser exibido no dashboard -- after each hook.png\"",
                  "code": "cy.searchContact(contact.number);\ncy.get('.message-body').contains('Contato não encontrado :(');",
                  "err": {},
                  "uuid": "8bf3828e-bae7-4974-bcd0-e971fdfb46a1",
                  "parentUUID": "24535554-86fd-4ae6-b932-207394d6b701",
                  "isHook": false,
                  "skipped": false
                }
              ],
              "suites": [],
              "passes": [
                "6b99b7e3-0ef7-479d-af50-f290cc7120f9",
                "8bf3828e-bae7-4974-bcd0-e971fdfb46a1"
              ],
              "failures": [],
              "pending": [],
              "skipped": [],
              "duration": 1915,
              "root": false,
              "rootEmpty": false,
              "_timeout": 2000
            }
          ],
          "passes": [],
          "failures": [],
          "pending": [],
          "skipped": [],
          "duration": 0,
          "root": false,
          "rootEmpty": false,
          "_timeout": 2000
        }
      ],
      "passes": [],
      "failures": [],
      "pending": [],
      "skipped": [],
      "duration": 0,
      "root": true,
      "rootEmpty": true,
      "_timeout": 2000
    }
  ],
  "meta": {
    "mocha": {
      "version": "7.0.1"
    },
    "mochawesome": {
      "options": {
        "quiet": false,
        "reportFilename": "mochawesome",
        "saveHtml": false,
        "saveJson": true,
        "consoleReporter": "spec",
        "useInlineDiffs": false,
        "code": true
      },
      "version": "7.1.3"
    },
    "marge": {
      "options": {
        "reportDir": "mochawesome-report",
        "overwrite": true,
        "html": false,
        "json": true,
        "timestamp": "mmddyyyy_HHMMss"
      },
      "version": "6.2.0"
    }
  }
}