{
  "stats": {
    "suites": 2,
    "tests": 2,
    "passes": 2,
    "pending": 0,
    "failures": 0,
    "start": "2023-03-11T15:15:28.864Z",
    "end": "2023-03-11T15:15:30.261Z",
    "duration": 1397,
    "testsRegistered": 2,
    "passPercent": 100,
    "pendingPercent": 0,
    "other": 0,
    "hasOther": false,
    "skipped": 0,
    "hasSkipped": false
  },
  "results": [
    {
      "uuid": "8f26cbe0-6b82-41c9-9e89-4258a724dff7",
      "title": "",
      "fullFile": "tests/e2e/specs/contact_talk.test.js",
      "file": "tests/e2e/specs/contact_talk.test.js",
      "beforeHooks": [],
      "afterHooks": [],
      "tests": [],
      "suites": [
        {
          "uuid": "22a317b7-852e-4eff-bffd-4039f7c35192",
          "title": "Conversar",
          "fullFile": "",
          "file": "",
          "beforeHooks": [],
          "afterHooks": [],
          "tests": [],
          "suites": [
            {
              "uuid": "0af128b5-48e5-4182-a1eb-79a3b31907f6",
              "title": "Dado que Amanda Silva é um bom contato",
              "fullFile": "",
              "file": "",
              "beforeHooks": [],
              "afterHooks": [],
              "tests": [
                {
                  "title": "Quando acesso o dashboard",
                  "fullTitle": "Conversar Dado que Amanda Silva é um bom contato Quando acesso o dashboard",
                  "timedOut": null,
                  "duration": 1001,
                  "state": "passed",
                  "speed": "fast",
                  "pass": true,
                  "fail": false,
                  "pending": false,
                  "context": "\"assets/screenshots/contact_talk.test.js/Quando acesso o dashboard -- after each hook.png\"",
                  "code": "cy.dash();",
                  "err": {},
                  "uuid": "29b8a1e3-d637-46e1-9d11-0bd2b63b3bab",
                  "parentUUID": "0af128b5-48e5-4182-a1eb-79a3b31907f6",
                  "isHook": false,
                  "skipped": false
                },
                {
                  "title": "Devo ver a propriedade href com o link do Whatsapp Web",
                  "fullTitle": "Conversar Dado que Amanda Silva é um bom contato Devo ver a propriedade href com o link do Whatsapp Web",
                  "timedOut": null,
                  "duration": 14,
                  "state": "passed",
                  "speed": "fast",
                  "pass": true,
                  "fail": false,
                  "pending": false,
                  "context": "\"assets/screenshots/contact_talk.test.js/Devo ver a propriedade href com o link do Whatsapp Web -- after each hook.png\"",
                  "code": "const externalLink = `https://api.whatsapp.com/send?phone=55${contact.number}`;\ncy.get(`a[href$=\"${contact.number}\"]`).should('have.attr', 'href', externalLink);",
                  "err": {},
                  "uuid": "5467744d-b9ef-4709-bd3a-ac5e2fd36915",
                  "parentUUID": "0af128b5-48e5-4182-a1eb-79a3b31907f6",
                  "isHook": false,
                  "skipped": false
                }
              ],
              "suites": [],
              "passes": [
                "29b8a1e3-d637-46e1-9d11-0bd2b63b3bab",
                "5467744d-b9ef-4709-bd3a-ac5e2fd36915"
              ],
              "failures": [],
              "pending": [],
              "skipped": [],
              "duration": 1015,
              "root": false,
              "rootEmpty": false,
              "_timeout": 2000
            }
          ],
          "passes": [],
          "failures": [],
          "pending": [],
          "skipped": [],
          "duration": 0,
          "root": false,
          "rootEmpty": false,
          "_timeout": 2000
        }
      ],
      "passes": [],
      "failures": [],
      "pending": [],
      "skipped": [],
      "duration": 0,
      "root": true,
      "rootEmpty": true,
      "_timeout": 2000
    }
  ],
  "meta": {
    "mocha": {
      "version": "7.0.1"
    },
    "mochawesome": {
      "options": {
        "quiet": false,
        "reportFilename": "mochawesome",
        "saveHtml": false,
        "saveJson": true,
        "consoleReporter": "spec",
        "useInlineDiffs": false,
        "code": true
      },
      "version": "7.1.3"
    },
    "marge": {
      "options": {
        "reportDir": "mochawesome-report",
        "overwrite": true,
        "html": false,
        "json": true,
        "timestamp": "mmddyyyy_HHMMss"
      },
      "version": "6.2.0"
    }
  }
}